<?xml version="1.0" encoding="utf-8"?><testsuites name="pytest tests"><testsuite name="pytest" errors="0" failures="0" skipped="0" tests="11" time="13.950" timestamp="2026-04-24T10:09:47.948141+00:00" hostname="agent-env-0d5ee503-dd05-4473-b69f-921f80cc1210"><testcase classname="backend.tests.test_master_prompter.TestHealth" name="test_root" time="0.229" /><testcase classname="backend.tests.test_master_prompter.TestGenerate" name="test_generate_happy_path" time="12.993" /><testcase classname="backend.tests.test_master_prompter.TestGenerate" name="test_generate_empty_idea" time="0.045" /><testcase classname="backend.tests.test_master_prompter.TestGenerate" name="test_generate_missing_fields" time="0.050" /><testcase classname="backend.tests.test_master_prompter.TestHistory" name="test_history_contains_generated_item" time="0.047" /><testcase classname="backend.tests.test_master_prompter.TestHistory" name="test_delete_single_history_item" time="0.089" /><testcase classname="backend.tests.test_master_prompter.TestHistory" name="test_clear_history" time="0.094" /><testcase classname="backend.tests.test_master_prompter.TestFavorites" name="test_create_favorite" time="0.053" /><testcase classname="backend.tests.test_master_prompter.TestFavorites" name="test_list_favorites" time="0.043" /><testcase classname="backend.tests.test_master_prompter.TestFavorites" name="test_delete_favorite" time="0.089" /><testcase classname="backend.tests.test_master_prompter.TestFavorites" name="test_delete_missing_favorite_returns_404" time="0.130" /></testsuite></testsuites>